This is pdfTeX, Version 3.1415926-2.3-1.40.12 (MiKTeX 2.9) (preloaded format=pdflatex 2012.4.12)  2 SEP 2012 10:36
entering extended mode
**C:/Users/adeeshaek/Documents/Unity*Research*Docs/User's*Guide/Guide1.tex
("C:/Users/adeeshaek/Documents/Unity Research Docs/User's Guide/Guide1.tex"
LaTeX2e <2011/06/27>
Babel <v3.8m> and hyphenation patterns for english, afrikaans, ancientgreek, ar
abic, armenian, assamese, basque, bengali, bokmal, bulgarian, catalan, coptic, 
croatian, czech, danish, dutch, esperanto, estonian, farsi, finnish, french, ga
lician, german, german-x-2009-06-19, greek, gujarati, hindi, hungarian, iceland
ic, indonesian, interlingua, irish, italian, kannada, kurmanji, lao, latin, lat
vian, lithuanian, malayalam, marathi, mongolian, mongolianlmc, monogreek, ngerm
an, ngerman-x-2009-06-19, nynorsk, oriya, panjabi, pinyin, polish, portuguese, 
romanian, russian, sanskrit, serbian, slovak, slovenian, spanish, swedish, swis
sgerman, tamil, telugu, turkish, turkmen, ukenglish, ukrainian, uppersorbian, u
senglishmax, welsh, loaded.
("C:\Program Files (x86)\MiKTeX 2.9\tex\latex\base\report.cls"
Document Class: report 2007/10/19 v1.4h Standard LaTeX document class
("C:\Program Files (x86)\MiKTeX 2.9\tex\latex\base\size10.clo"
File: size10.clo 2007/10/19 v1.4h Standard LaTeX file (size option)
)
\c@part=\count79
\c@chapter=\count80
\c@section=\count81
\c@subsection=\count82
\c@subsubsection=\count83
\c@paragraph=\count84
\c@subparagraph=\count85
\c@figure=\count86
\c@table=\count87
\abovecaptionskip=\skip41
\belowcaptionskip=\skip42
\bibindent=\dimen102
)
("C:\Program Files (x86)\MiKTeX 2.9\tex\latex\preprint\fullpage.sty"
Package: fullpage 1999/02/23 1.1 (PWD)
\FP@margin=\skip43
)
("C:\Program Files (x86)\MiKTeX 2.9\tex\latex\graphics\graphicx.sty"
Package: graphicx 1999/02/16 v1.0f Enhanced LaTeX Graphics (DPC,SPQR)

("C:\Program Files (x86)\MiKTeX 2.9\tex\latex\graphics\keyval.sty"
Package: keyval 1999/03/16 v1.13 key=value parser (DPC)
\KV@toks@=\toks14
)
("C:\Program Files (x86)\MiKTeX 2.9\tex\latex\graphics\graphics.sty"
Package: graphics 2009/02/05 v1.0o Standard LaTeX Graphics (DPC,SPQR)

("C:\Program Files (x86)\MiKTeX 2.9\tex\latex\graphics\trig.sty"
Package: trig 1999/03/16 v1.09 sin cos tan (DPC)
)
("C:\Program Files (x86)\MiKTeX 2.9\tex\latex\00miktex\graphics.cfg"
File: graphics.cfg 2007/01/18 v1.5 graphics configuration of teTeX/TeXLive
)
Package graphics Info: Driver file: pdftex.def on input line 91.

("C:\Program Files (x86)\MiKTeX 2.9\tex\latex\pdftex-def\pdftex.def"
File: pdftex.def 2011/05/27 v0.06d Graphics/color for pdfTeX

("C:\Program Files (x86)\MiKTeX 2.9\tex\generic\oberdiek\infwarerr.sty"
Package: infwarerr 2010/04/08 v1.3 Providing info/warning/message (HO)
)
("C:\Program Files (x86)\MiKTeX 2.9\tex\generic\oberdiek\ltxcmds.sty"
Package: ltxcmds 2011/04/18 v1.20 LaTeX kernel commands for general use (HO)
)
\Gread@gobject=\count88
))
\Gin@req@height=\dimen103
\Gin@req@width=\dimen104
)
("C:\Program Files (x86)\MiKTeX 2.9\tex\latex\appendix\appendix.sty"
Package: appendix 2009/09/02 v1.2b extra appendix facilities
\c@@pps=\count89
\c@@ppsavesec=\count90
\c@@ppsaveapp=\count91
)
("C:\Program Files (x86)\MiKTeX 2.9\tex\latex\pdfpages\pdfpages.sty"
Package: pdfpages 2012/04/03 v0.4s Insert pages of external PDF documents (AM)

("C:\Program Files (x86)\MiKTeX 2.9\tex\latex\base\ifthen.sty"
Package: ifthen 2001/05/26 v1.1c Standard LaTeX ifthen package (DPC)
)
("C:\Program Files (x86)\MiKTeX 2.9\tex\latex\tools\calc.sty"
Package: calc 2007/08/22 v4.3 Infix arithmetic (KKT,FJ)
\calc@Acount=\count92
\calc@Bcount=\count93
\calc@Adimen=\dimen105
\calc@Bdimen=\dimen106
\calc@Askip=\skip44
\calc@Bskip=\skip45
LaTeX Info: Redefining \setlength on input line 76.
LaTeX Info: Redefining \addtolength on input line 77.
\calc@Ccount=\count94
\calc@Cskip=\skip46
)
("C:\Program Files (x86)\MiKTeX 2.9\tex\latex\eso-pic\eso-pic.sty"
Package: eso-pic 2010/10/06 v2.0c eso-pic (RN)

("C:\Program Files (x86)\MiKTeX 2.9\tex\generic\oberdiek\atbegshi.sty"
Package: atbegshi 2011/01/30 v1.15 At begin shipout hook (HO)

("C:\Program Files (x86)\MiKTeX 2.9\tex\generic\oberdiek\ifpdf.sty"
Package: ifpdf 2011/01/30 v2.3 Provides the ifpdf switch (HO)
Package ifpdf Info: pdfTeX in PDF mode is detected.
))
("C:\Program Files (x86)\MiKTeX 2.9\tex\latex\xcolor\xcolor.sty"
Package: xcolor 2007/01/21 v2.11 LaTeX color extensions (UK)

("C:\Program Files (x86)\MiKTeX 2.9\tex\latex\00miktex\color.cfg"
File: color.cfg 2007/01/18 v1.5 color configuration of teTeX/TeXLive
)
Package xcolor Info: Driver file: pdftex.def on input line 225.
Package xcolor Info: Model `cmy' substituted by `cmy0' on input line 1337.
Package xcolor Info: Model `hsb' substituted by `rgb' on input line 1341.
Package xcolor Info: Model `RGB' extended on input line 1353.
Package xcolor Info: Model `HTML' substituted by `rgb' on input line 1355.
Package xcolor Info: Model `Hsb' substituted by `hsb' on input line 1356.
Package xcolor Info: Model `tHsb' substituted by `hsb' on input line 1357.
Package xcolor Info: Model `HSB' substituted by `hsb' on input line 1358.
Package xcolor Info: Model `Gray' substituted by `gray' on input line 1359.
Package xcolor Info: Model `wave' substituted by `hsb' on input line 1360.
))
("C:\Program Files (x86)\MiKTeX 2.9\tex\latex\pdfpages\pppdftex.def"
File: pppdftex.def 2012/04/03 v0.4s Pdfpages driver for pdfTeX (AM)
)
\AM@pagebox=\box26
\AM@toc@title=\toks15
\c@AM@survey=\count95
\AM@templatesizebox=\box27
)
("C:\Users\adeeshaek\Documents\Unity Research Docs\User's Guide\Guide1.aux")
LaTeX Font Info:    Checking defaults for OML/cmm/m/it on input line 10.
LaTeX Font Info:    ... okay on input line 10.
LaTeX Font Info:    Checking defaults for T1/cmr/m/n on input line 10.
LaTeX Font Info:    ... okay on input line 10.
LaTeX Font Info:    Checking defaults for OT1/cmr/m/n on input line 10.
LaTeX Font Info:    ... okay on input line 10.
LaTeX Font Info:    Checking defaults for OMS/cmsy/m/n on input line 10.
LaTeX Font Info:    ... okay on input line 10.
LaTeX Font Info:    Checking defaults for OMX/cmex/m/n on input line 10.
LaTeX Font Info:    ... okay on input line 10.
LaTeX Font Info:    Checking defaults for U/cmr/m/n on input line 10.
LaTeX Font Info:    ... okay on input line 10.

("C:\Program Files (x86)\MiKTeX 2.9\tex\context\base\supp-pdf.mkii"
[Loading MPS to PDF converter (version 2006.09.02).]
\scratchcounter=\count96
\scratchdimen=\dimen107
\scratchbox=\box28
\nofMPsegments=\count97
\nofMParguments=\count98
\everyMPshowfont=\toks16
\MPscratchCnt=\count99
\MPscratchDim=\dimen108
\MPnumerator=\count100
\makeMPintoPDFobject=\count101
\everyMPtoPDFconversion=\toks17
)
\AtBeginShipoutBox=\box29
 ("C:\Users\adeeshaek\Documents\Unity Research Docs\User's Guide\titlepage.tex"
LaTeX Font Info:    External font `cmex10' loaded for size
(Font)              <7> on input line 17.
LaTeX Font Info:    External font `cmex10' loaded for size
(Font)              <5> on input line 17.
 [1

{C:/ProgramData/MiKTeX/2.9/pdftex/config/pdftex.map}])
("C:\Users\adeeshaek\Documents\Unity Research Docs\User's Guide\Guide1.toc")
\tf@toc=\write3

[1

]
LaTeX Font Info:    Try loading font information for OMS+cmr on input line 29.
 ("C:\Program Files (x86)\MiKTeX 2.9\tex\latex\base\omscmr.fd"
File: omscmr.fd 1999/05/25 v2.5h Standard LaTeX font definitions
)
LaTeX Font Info:    Font shape `OMS/cmr/m/n' in size <10> not available
(Font)              Font shape `OMS/cmsy/m/n' tried instead on input line 29.
 [2] [3]
[4

] <Report.pdf, id=27, page=1, 614.295pt x 794.97pt>
File: Report.pdf Graphic file (type pdf)
 <use Report.pdf, page 1>
Package pdftex.def Info: Report.pdf, page1 used on input line 86.
(pdftex.def)             Requested size: 614.29349pt x 794.96806pt.
File: Report.pdf Graphic file (type pdf)

<use Report.pdf, page 1>
Package pdftex.def Info: Report.pdf, page1 used on input line 86.
(pdftex.def)             Requested size: 614.58406pt x 795.3441pt.
File: Report.pdf Graphic file (type pdf)
 <use Report.pdf, page 1>
Package pdftex.def Info: Report.pdf, page1 used on input line 86.
(pdftex.def)             Requested size: 614.58406pt x 795.3441pt.
File: Report.pdf Graphic file (type pdf)
 <use Report.pdf, page 1>
Package pdftex.def Info: Report.pdf, page1 used on input line 86.
(pdftex.def)             Requested size: 614.58406pt x 795.3441pt.
File: Report.pdf Graphic file (type pdf)

<use Report.pdf, page 1>
Package pdftex.def Info: Report.pdf, page1 used on input line 86.
(pdftex.def)             Requested size: 614.58406pt x 795.3441pt.
 [5 <C:/Users/adeeshaek/Documents/Unity Research Docs/User's Guide/Report.pdf>]
 <Report.pdf, id=42, page=2, 614.295pt x 794.97pt>
File: Report.pdf Graphic file (type pdf)

<use Report.pdf, page 2>
Package pdftex.def Info: Report.pdf, page2 used on input line 86.
(pdftex.def)             Requested size: 614.58406pt x 795.3441pt.
File: Report.pdf Graphic file (type pdf)
 <use Report.pdf, page 2>
Package pdftex.def Info: Report.pdf, page2 used on input line 86.
(pdftex.def)             Requested size: 614.58406pt x 795.3441pt.
File: Report.pdf Graphic file (type pdf)
 <use Report.pdf, page 2>
Package pdftex.def Info: Report.pdf, page2 used on input line 86.
(pdftex.def)             Requested size: 614.58406pt x 795.3441pt.

[6 <C:/Users/adeeshaek/Documents/Unity Research Docs/User's Guide/Report.pdf>]
<Report.pdf, id=72, page=3, 614.295pt x 794.97pt>
File: Report.pdf Graphic file (type pdf)
 <use Report.pdf, page 3>
Package pdftex.def Info: Report.pdf, page3 used on input line 86.
(pdftex.def)             Requested size: 614.58406pt x 795.3441pt.
File: Report.pdf Graphic file (type pdf)

<use Report.pdf, page 3>
Package pdftex.def Info: Report.pdf, page3 used on input line 86.
(pdftex.def)             Requested size: 614.58406pt x 795.3441pt.
File: Report.pdf Graphic file (type pdf)
 <use Report.pdf, page 3>
Package pdftex.def Info: Report.pdf, page3 used on input line 86.
(pdftex.def)             Requested size: 614.58406pt x 795.3441pt.
 [7 <C:/Users/adeeshaek/Documents/Unity Research Docs/User's Guide/Report.pdf>]

<Report.pdf, id=77, page=4, 614.295pt x 794.97pt>
File: Report.pdf Graphic file (type pdf)
 <use Report.pdf, page 4>
Package pdftex.def Info: Report.pdf, page4 used on input line 86.
(pdftex.def)             Requested size: 614.58406pt x 795.3441pt.
File: Report.pdf Graphic file (type pdf)

<use Report.pdf, page 4>
Package pdftex.def Info: Report.pdf, page4 used on input line 86.
(pdftex.def)             Requested size: 614.58406pt x 795.3441pt.
File: Report.pdf Graphic file (type pdf)
 <use Report.pdf, page 4>
Package pdftex.def Info: Report.pdf, page4 used on input line 86.
(pdftex.def)             Requested size: 614.58406pt x 795.3441pt.
 [8 <C:/Users/adeeshaek/Documents/Unity Research Docs/User's Guide/Report.pdf>]

("C:\Users\adeeshaek\Documents\Unity Research Docs\User's Guide\Guide1.aux") ) 
Here is how much of TeX's memory you used:
 2518 strings out of 494045
 35269 string characters out of 3145957
 99765 words of memory out of 3000000
 5809 multiletter control sequences out of 15000+200000
 7364 words of font info for 26 fonts, out of 3000000 for 9000
 715 hyphenation exceptions out of 8191
 40i,18n,44p,511b,404s stack positions out of 5000i,500n,10000p,200000b,50000s
<
C:/Program Files (x86)/MiKTeX 2.9/fonts/type1/public/amsfonts/cm/cmbx10.pfb><C:
/Program Files (x86)/MiKTeX 2.9/fonts/type1/public/amsfonts/cm/cmbx12.pfb><C:/P
rogram Files (x86)/MiKTeX 2.9/fonts/type1/public/amsfonts/cm/cmcsc10.pfb><C:/Pr
ogram Files (x86)/MiKTeX 2.9/fonts/type1/public/amsfonts/cm/cmr10.pfb><C:/Progr
am Files (x86)/MiKTeX 2.9/fonts/type1/public/amsfonts/cm/cmr12.pfb><C:/Program 
Files (x86)/MiKTeX 2.9/fonts/type1/public/amsfonts/cm/cmr17.pfb><C:/Program Fil
es (x86)/MiKTeX 2.9/fonts/type1/public/amsfonts/cm/cmsy10.pfb><C:/Program Files
 (x86)/MiKTeX 2.9/fonts/type1/public/amsfonts/cm/cmti10.pfb><C:/Program Files (
x86)/MiKTeX 2.9/fonts/type1/public/amsfonts/cm/cmti12.pfb>
Output written on Guide1.pdf (9 pages, 1059912 bytes).
PDF statistics:
 103 PDF objects out of 1000 (max. 8388607)
 0 named destinations out of 1000 (max. 500000)
 31 words of extra memory for PDF output out of 10000 (max. 10000000)

